0 info it worked if it ends with ok
1 verbose cli [ '/Users/ali/.nvm/versions/node/v11.0.0/bin/node',
1 verbose cli   '/Users/ali/.nvm/versions/node/v11.0.0/bin/npm',
1 verbose cli   'run',
1 verbose cli   'lint' ]
2 info using npm@3.10.10
3 info using node@v11.0.0
4 verbose run-script [ 'prelint', 'lint', 'postlint' ]
5 info lifecycle maia-backend@1.0.0~prelint: maia-backend@1.0.0
6 silly lifecycle maia-backend@1.0.0~prelint: no script for prelint, continuing
7 info lifecycle maia-backend@1.0.0~lint: maia-backend@1.0.0
8 verbose lifecycle maia-backend@1.0.0~lint: unsafe-perm in lifecycle true
9 verbose lifecycle maia-backend@1.0.0~lint: PATH: /Users/ali/.nvm/versions/node/v11.0.0/lib/node_modules/npm/bin/node-gyp-bin:/Users/ali/Documents/maia-backend/node_modules/.bin:/Users/ali/.nvm/versions/node/v11.0.0/bin:/Library/Frameworks/Python.framework/Versions/3.8/bin:/opt/local/bin:/opt/local/sbin:/usr/local/bin:/usr/bin:/bin:/usr/sbin:/sbin:/Applications/VMware Fusion.app/Contents/Public:/Library/TeX/texbin:/Library/Apple/usr/bin:/Users/ali/Documents/maia-backend/node_modules/.bin
10 verbose lifecycle maia-backend@1.0.0~lint: CWD: /Users/ali/Documents/maia-backend
11 silly lifecycle maia-backend@1.0.0~lint: Args: [ '-c', 'eslint . --fix' ]
12 silly lifecycle maia-backend@1.0.0~lint: Returned: code: 1  signal: null
13 info lifecycle maia-backend@1.0.0~lint: Failed to exec lint script
14 verbose stack Error: maia-backend@1.0.0 lint: `eslint . --fix`
14 verbose stack Exit status 1
14 verbose stack     at EventEmitter.<anonymous> (/Users/ali/.nvm/versions/node/v11.0.0/lib/node_modules/npm/lib/utils/lifecycle.js:255:16)
14 verbose stack     at EventEmitter.emit (events.js:182:13)
14 verbose stack     at ChildProcess.<anonymous> (/Users/ali/.nvm/versions/node/v11.0.0/lib/node_modules/npm/lib/utils/spawn.js:40:14)
14 verbose stack     at ChildProcess.emit (events.js:182:13)
14 verbose stack     at maybeClose (internal/child_process.js:962:16)
14 verbose stack     at Process.ChildProcess._handle.onexit (internal/child_process.js:251:5)
15 verbose pkgid maia-backend@1.0.0
16 verbose cwd /Users/ali/Documents/maia-backend
17 error Darwin 20.2.0
18 error argv "/Users/ali/.nvm/versions/node/v11.0.0/bin/node" "/Users/ali/.nvm/versions/node/v11.0.0/bin/npm" "run" "lint"
19 error node v11.0.0
20 error npm  v3.10.10
21 error code ELIFECYCLE
22 error maia-backend@1.0.0 lint: `eslint . --fix`
22 error Exit status 1
23 error Failed at the maia-backend@1.0.0 lint script 'eslint . --fix'.
23 error Make sure you have the latest version of node.js and npm installed.
23 error If you do, this is most likely a problem with the maia-backend package,
23 error not with npm itself.
23 error Tell the author that this fails on your system:
23 error     eslint . --fix
23 error You can get information on how to open an issue for this project with:
23 error     npm bugs maia-backend
23 error Or if that isn't available, you can get their info via:
23 error     npm owner ls maia-backend
23 error There is likely additional logging output above.
24 verbose exit [ 1, true ]
